# JRE version: OpenJDK Runtime Environment (7.0_91-b02) (build 1.7.0_91-b02)
# Java VM: OpenJDK 64-Bit Server VM (24.91-b01 mixed mode linux-amd64 compressed oops)
Heap
 par new generation   total 243648K, used 4287K [0x00000006fe600000, 0x000000070ee50000, 0x0000000727f90000)
  eden space 216640K,   1% used [0x00000006fe600000, 0x00000006fea2fe20, 0x000000070b990000)
  from space 27008K,   0% used [0x000000070b990000, 0x000000070b990000, 0x000000070d3f0000)
  to   space 27008K,   0% used [0x000000070d3f0000, 0x000000070d3f0000, 0x000000070ee50000)
 concurrent mark-sweep generation total 541240K, used 246310K [0x0000000727f90000, 0x000000074901e000, 0x00000007f5a00000)
 concurrent-mark-sweep perm gen total 131072K, used 45856K [0x00000007f5a00000, 0x00000007fda00000, 0x0000000800000000)
GC Heap History (10 events):
Event: 30.646 GC heap before
{Heap before GC invocations=13 (full 8):
 par new generation   total 120576K, used 105255K [0x00000006fe600000, 0x00000007068d0000, 0x0000000727f90000)
  eden space 107200K,  98% used [0x00000006fe600000, 0x0000000704cc9ee0, 0x0000000704eb0000)
  from space 13376K,   0% used [0x0000000704eb0000, 0x0000000704eb0000, 0x0000000705bc0000)
  to   space 13376K,   0% used [0x0000000705bc0000, 0x0000000705bc0000, 0x00000007068d0000)
 concurrent mark-sweep generation total 267756K, used 160652K [0x0000000727f90000, 0x000000073850b000, 0x00000007f5a00000)
 concurrent-mark-sweep perm gen total 131072K, used 43431K [0x00000007f5a00000, 0x00000007fda00000, 0x0000000800000000)
Event: 30.670 GC heap after
Heap after GC invocations=14 (full 8):
 par new generation   total 120576K, used 614K [0x00000006fe600000, 0x00000007068d0000, 0x0000000727f90000)
  eden space 107200K,   0% used [0x00000006fe600000, 0x00000006fe600000, 0x0000000704eb0000)
  from space 13376K,   4% used [0x0000000705bc0000, 0x0000000705c59a90, 0x00000007068d0000)
  to   space 13376K,   0% used [0x0000000704eb0000, 0x0000000704eb0000, 0x0000000705bc0000)
 concurrent mark-sweep generation total 267756K, used 242788K [0x0000000727f90000, 0x000000073850b000, 0x00000007f5a00000)
 concurrent-mark-sweep perm gen total 131072K, used 43431K [0x00000007f5a00000, 0x00000007fda00000, 0x0000000800000000)
}
Event: 33.673 GC heap before
{Heap before GC invocations=14 (full 8):
 par new generation   total 120576K, used 107814K [0x00000006fe600000, 0x00000007068d0000, 0x0000000727f90000)
  eden space 107200K, 100% used [0x00000006fe600000, 0x0000000704eb0000, 0x0000000704eb0000)
  from space 13376K,   4% used [0x0000000705bc0000, 0x0000000705c59a90, 0x00000007068d0000)
  to   space 13376K,   0% used [0x0000000704eb0000, 0x0000000704eb0000, 0x0000000705bc0000)
 concurrent mark-sweep generation total 404436K, used 242661K [0x0000000727f90000, 0x0000000740a85000, 0x00000007f5a00000)
 concurrent-mark-sweep perm gen total 131072K, used 44765K [0x00000007f5a00000, 0x00000007fda00000, 0x0000000800000000)
Event: 33.698 GC heap after
Heap after GC invocations=15 (full 8):
 par new generation   total 120576K, used 4438K [0x00000006fe600000, 0x00000007068d0000, 0x0000000727f90000)
  eden space 107200K,   0% used [0x00000006fe600000, 0x00000006fe600000, 0x0000000704eb0000)
  from space 13376K,  33% used [0x0000000704eb0000, 0x0000000705305a18, 0x0000000705bc0000)
  to   space 13376K,   0% used [0x0000000705bc0000, 0x0000000705bc0000, 0x00000007068d0000)
 concurrent mark-sweep generation total 404436K, used 324797K [0x0000000727f90000, 0x0000000740a85000, 0x00000007f5a00000)
 concurrent-mark-sweep perm gen total 131072K, used 44765K [0x00000007f5a00000, 0x00000007fda00000, 0x0000000800000000)
}
Event: 3633.698 GC heap before
{Heap before GC invocations=15 (full 9):
 par new generation   total 120576K, used 95251K [0x00000006fe600000, 0x00000007068d0000, 0x0000000727f90000)
  eden space 107200K,  84% used [0x00000006fe600000, 0x0000000703eaf2c0, 0x0000000704eb0000)
  from space 13376K,  33% used [0x0000000704eb0000, 0x0000000705305a18, 0x0000000705bc0000)
  to   space 13376K,   0% used [0x0000000705bc0000, 0x0000000705bc0000, 0x00000007068d0000)
 concurrent mark-sweep generation total 541240K, used 324743K [0x0000000727f90000, 0x000000074901e000, 0x00000007f5a00000)
 concurrent-mark-sweep perm gen total 131072K, used 45846K [0x00000007f5a00000, 0x00000007fda00000, 0x0000000800000000)
Event: 3633.885 GC heap after
Heap after GC invocations=16 (full 10):
 par new generation   total 243648K, used 0K [0x00000006fe600000, 0x000000070ee50000, 0x0000000727f90000)
  eden space 216640K,   0% used [0x00000006fe600000, 0x00000006fe600000, 0x000000070b990000)
  from space 27008K,   0% used [0x000000070b990000, 0x000000070b990000, 0x000000070d3f0000)
  to   space 27008K,   0% used [0x000000070d3f0000, 0x000000070d3f0000, 0x000000070ee50000)
 concurrent mark-sweep generation total 541240K, used 248988K [0x0000000727f90000, 0x000000074901e000, 0x00000007f5a00000)
 concurrent-mark-sweep perm gen total 131072K, used 45833K [0x00000007f5a00000, 0x00000007fda00000, 0x0000000800000000)
}
Event: 7233.885 GC heap before
{Heap before GC invocations=16 (full 11):
 par new generation   total 243648K, used 2363K [0x00000006fe600000, 0x000000070ee50000, 0x0000000727f90000)
  eden space 216640K,   1% used [0x00000006fe600000, 0x00000006fe84ee40, 0x000000070b990000)
  from space 27008K,   0% used [0x000000070b990000, 0x000000070b990000, 0x000000070d3f0000)
  to   space 27008K,   0% used [0x000000070d3f0000, 0x000000070d3f0000, 0x000000070ee50000)
 concurrent mark-sweep generation total 541240K, used 248988K [0x0000000727f90000, 0x000000074901e000, 0x00000007f5a00000)
 concurrent-mark-sweep perm gen total 131072K, used 45839K [0x00000007f5a00000, 0x00000007fda00000, 0x0000000800000000)
Event: 7234.033 GC heap after
Heap after GC invocations=17 (full 12):
 par new generation   total 243648K, used 0K [0x00000006fe600000, 0x000000070ee50000, 0x0000000727f90000)
  eden space 216640K,   0% used [0x00000006fe600000, 0x00000006fe600000, 0x000000070b990000)
  from space 27008K,   0% used [0x000000070b990000, 0x000000070b990000, 0x000000070d3f0000)
  to   space 27008K,   0% used [0x000000070d3f0000, 0x000000070d3f0000, 0x000000070ee50000)
 concurrent mark-sweep generation total 541240K, used 248701K [0x0000000727f90000, 0x000000074901e000, 0x00000007f5a00000)
 concurrent-mark-sweep perm gen total 131072K, used 45839K [0x00000007f5a00000, 0x00000007fda00000, 0x0000000800000000)
}
Event: 10834.033 GC heap before
{Heap before GC invocations=17 (full 12):
 par new generation   total 243648K, used 1732K [0x00000006fe600000, 0x000000070ee50000, 0x0000000727f90000)
  eden space 216640K,   0% used [0x00000006fe600000, 0x00000006fe7b1128, 0x000000070b990000)
  from space 27008K,   0% used [0x000000070b990000, 0x000000070b990000, 0x000000070d3f0000)
  to   space 27008K,   0% used [0x000000070d3f0000, 0x000000070d3f0000, 0x000000070ee50000)
 concurrent mark-sweep generation total 541240K, used 248701K [0x0000000727f90000, 0x000000074901e000, 0x00000007f5a00000)
 concurrent-mark-sweep perm gen total 131072K, used 45839K [0x00000007f5a00000, 0x00000007fda00000, 0x0000000800000000)
Event: 10834.150 GC heap after
Heap after GC invocations=18 (full 13):
 par new generation   total 243648K, used 0K [0x00000006fe600000, 0x000000070ee50000, 0x0000000727f90000)
  eden space 216640K,   0% used [0x00000006fe600000, 0x00000006fe600000, 0x000000070b990000)
  from space 27008K,   0% used [0x000000070b990000, 0x000000070b990000, 0x000000070d3f0000)
  to   space 27008K,   0% used [0x000000070d3f0000, 0x000000070d3f0000, 0x000000070ee50000)
 concurrent mark-sweep generation total 541240K, used 246310K [0x0000000727f90000, 0x000000074901e000, 0x00000007f5a00000)
 concurrent-mark-sweep perm gen total 131072K, used 45800K [0x00000007f5a00000, 0x00000007fda00000, 0x0000000800000000)
}

